c:\users\samyd\documents\github\tnd_ig2_demoustiezromain\tnd\x64\debug\vc141.pdb
c:\users\samyd\documents\github\tnd_ig2_demoustiezromain\tnd\x64\debug\vc141.idb
c:\users\samyd\documents\github\tnd_ig2_demoustiezromain\tnd\x64\debug\ax.obj
c:\users\samyd\documents\github\tnd_ig2_demoustiezromain\tnd\x64\debug\calculintervalle.obj
c:\users\samyd\documents\github\tnd_ig2_demoustiezromain\tnd\x64\debug\decryptshamir.obj
c:\users\samyd\documents\github\tnd_ig2_demoustiezromain\tnd\x64\debug\detectionanomalie.obj
c:\users\samyd\documents\github\tnd_ig2_demoustiezromain\tnd\x64\debug\fi.obj
c:\users\samyd\documents\github\tnd_ig2_demoustiezromain\tnd\x64\debug\power.obj
c:\users\samyd\documents\github\tnd_ig2_demoustiezromain\tnd\x64\debug\exponentielle.obj
c:\users\samyd\documents\github\tnd_ig2_demoustiezromain\tnd\x64\debug\shamir.obj
c:\users\samyd\documents\github\tnd_ig2_demoustiezromain\tnd\x64\debug\shamirbysamy.obj
c:\users\samyd\documents\github\tnd_ig2_demoustiezromain\tnd\x64\debug\test.obj
c:\users\samyd\documents\github\tnd_ig2_demoustiezromain\x64\debug\tnd.ilk
c:\users\samyd\documents\github\tnd_ig2_demoustiezromain\x64\debug\tnd.exe
c:\users\samyd\documents\github\tnd_ig2_demoustiezromain\x64\debug\tnd.pdb
c:\users\samyd\documents\github\tnd_ig2_demoustiezromain\tnd\x64\debug\tnd.tlog\cl.command.1.tlog
c:\users\samyd\documents\github\tnd_ig2_demoustiezromain\tnd\x64\debug\tnd.tlog\cl.read.1.tlog
c:\users\samyd\documents\github\tnd_ig2_demoustiezromain\tnd\x64\debug\tnd.tlog\cl.write.1.tlog
c:\users\samyd\documents\github\tnd_ig2_demoustiezromain\tnd\x64\debug\tnd.tlog\link.command.1.tlog
c:\users\samyd\documents\github\tnd_ig2_demoustiezromain\tnd\x64\debug\tnd.tlog\link.read.1.tlog
c:\users\samyd\documents\github\tnd_ig2_demoustiezromain\tnd\x64\debug\tnd.tlog\link.write.1.tlog
