c:\users\samyd\documents\github\tnd_ig2_demoustiezromain\tnd\debug\vc141.pdb
c:\users\samyd\documents\github\tnd_ig2_demoustiezromain\tnd\debug\vc141.idb
c:\users\samyd\documents\github\tnd_ig2_demoustiezromain\tnd\debug\ax.obj
c:\users\samyd\documents\github\tnd_ig2_demoustiezromain\tnd\debug\calculintervalle.obj
c:\users\samyd\documents\github\tnd_ig2_demoustiezromain\tnd\debug\detectionanomalie.obj
c:\users\samyd\documents\github\tnd_ig2_demoustiezromain\tnd\debug\main.obj
c:\users\samyd\documents\github\tnd_ig2_demoustiezromain\tnd\debug\power.obj
c:\users\samyd\documents\github\tnd_ig2_demoustiezromain\tnd\debug\exponentielle.obj
c:\users\samyd\documents\github\tnd_ig2_demoustiezromain\tnd\debug\shamir.obj
c:\users\samyd\documents\github\tnd_ig2_demoustiezromain\tnd\debug\table_cstr.obj
c:\users\samyd\documents\github\tnd_ig2_demoustiezromain\tnd\debug\test.obj
c:\users\samyd\documents\github\tnd_ig2_demoustiezromain\tnd\debug\valeuralpha.obj
d:\git\tnd_ig2_demoustiezromain\tnd\debug\vc141.pdb
d:\git\tnd_ig2_demoustiezromain\tnd\debug\vc141.idb
d:\git\tnd_ig2_demoustiezromain\tnd\debug\ax.obj
d:\git\tnd_ig2_demoustiezromain\tnd\debug\detectionanomalie.obj
d:\git\tnd_ig2_demoustiezromain\tnd\debug\main.obj
d:\git\tnd_ig2_demoustiezromain\tnd\debug\shamir.obj
c:\users\samyd\documents\github\tnd_ig2_demoustiezromain\debug\tnd.exe
c:\users\samyd\documents\github\tnd_ig2_demoustiezromain\debug\tnd.ilk
c:\users\samyd\documents\github\tnd_ig2_demoustiezromain\debug\tnd.pdb
d:\git\tnd_ig2_demoustiezromain\debug\tnd.ilk
d:\git\tnd_ig2_demoustiezromain\debug\tnd.exe
d:\git\tnd_ig2_demoustiezromain\debug\tnd.pdb
d:\git\tnd_ig2_demoustiezromain\tnd\debug\calculintervalle.obj
d:\git\tnd_ig2_demoustiezromain\tnd\debug\exponentielle.obj
d:\git\tnd_ig2_demoustiezromain\tnd\debug\power.obj
d:\git\tnd_ig2_demoustiezromain\tnd\debug\table_cstr.obj
d:\git\tnd_ig2_demoustiezromain\tnd\debug\test.obj
d:\git\tnd_ig2_demoustiezromain\tnd\debug\valeuralpha.obj
d:\git\tnd_ig2_demoustiezromain\tnd\debug\detectionanomalie.obj.enc
d:\git\tnd_ig2_demoustiezromain\tnd\debug\tnd.tlog\cl.command.1.tlog
d:\git\tnd_ig2_demoustiezromain\tnd\debug\tnd.tlog\cl.read.1.tlog
d:\git\tnd_ig2_demoustiezromain\tnd\debug\tnd.tlog\cl.write.1.tlog
d:\git\tnd_ig2_demoustiezromain\tnd\debug\tnd.tlog\link.command.1.tlog
d:\git\tnd_ig2_demoustiezromain\tnd\debug\tnd.tlog\link.read.1.tlog
d:\git\tnd_ig2_demoustiezromain\tnd\debug\tnd.tlog\link.write.1.tlog
